<?xml version="1.0" encoding="UTF-8"?>
<testsuite xmlns:xsi="http://www.w3.org/2001/XMLSchema-instance" xsi:noNamespaceSchemaLocation="https://maven.apache.org/surefire/maven-surefire-plugin/xsd/surefire-test-report.xsd" name="TestSuite" time="322.83" tests="12" errors="0" skipped="0" failures="0">
  <properties>
[...]
</properties>
  <testcase name="WithMandatoryFields" classname="com.ecommerceProject.testCases.TC_Registration_functionality_ecomProj" time="2.5"/>
  <testcase name="registerWithAllFields" classname="com.ecommerceProject.testCases.TC_Registration_functionality_ecomProj" time="2.654"/>
  <testcase name="registerWithExistingDetails" classname="com.ecommerceProject.testCases.TC_Registration_functionality_ecomProj" time="5.011"/>
  <testcase name="registerWithoutProvidingDetails" classname="com.ecommerceProject.testCases.TC_Registration_functionality_ecomProj" time="0.631"/>
  <testcase name="loginWithInvalidCredentials" classname="com.ecommerceProject.testCases.TC_Login_functionality_ecomProj" time="1.202"/>
  <testcase name="loginWithValidCredentials" classname="com.ecommerceProject.testCases.TC_Login_functionality_ecomProj" time="1.768"/>
  <testcase name="loginWithValidCredentials" classname="com.ecommerceProject.testCases.TC_Login_functionality_ecomProj" time="1.224"/>
  <testcase name="browseBackAfterLogin" classname="com.ecommerceProject.testCases.TC_Login_functionality_ecomProj" time="1.716"/>
  <testcase name="searchWithExistingName" classname="com.ecommerceProject.testCases.TC_Search_functionality_ecomProj" time="1.238"/>
  <testcase name="searchWithNonExistingName" classname="com.ecommerceProject.testCases.TC_Search_functionality_ecomProj" time="0.828"/>
  <testcase name="searchWithoutName" classname="com.ecommerceProject.testCases.TC_Search_functionality_ecomProj" time="0.662"/>
  <testcase name="searchWithCategory" classname="com.ecommerceProject.testCases.TC_Search_functionality_ecomProj" time="7.036"/>
</testsuite>