<?xml version="1.0" encoding="UTF-8"?>
<!-- Generated by org.testng.reporters.JUnitXMLReporter -->
<testsuite ignored="0" hostname="DESKTOP-8KML1D8" failures="0" tests="12" name="Test1" time="314.608" errors="0" timestamp="2024-03-14T12:39:09 IST">
  <testcase classname="com.ecommerceProject.testCases.TC_Registration_functionality_ecomProj" name="WithMandatoryFields" time="2.495"/>
  <testcase classname="com.ecommerceProject.testCases.TC_Registration_functionality_ecomProj" name="registerWithAllFields" time="2.66"/>
  <testcase classname="com.ecommerceProject.testCases.TC_Registration_functionality_ecomProj" name="registerWithExistingDetails" time="5.01"/>
  <testcase classname="com.ecommerceProject.testCases.TC_Registration_functionality_ecomProj" name="registerWithoutProvidingDetails" time="0.63"/>
  <testcase classname="com.ecommerceProject.testCases.TC_Login_functionality_ecomProj" name="loginWithInvalidCredentials" time="1.202"/>
  <testcase classname="com.ecommerceProject.testCases.TC_Login_functionality_ecomProj" name="loginWithValidCredentials" time="1.768"/>
  <testcase classname="com.ecommerceProject.testCases.TC_Login_functionality_ecomProj" name="loginWithValidCredentials" time="1.227"/>
  <testcase classname="com.ecommerceProject.testCases.TC_Login_functionality_ecomProj" name="browseBackAfterLogin" time="1.72"/>
  <testcase classname="com.ecommerceProject.testCases.TC_Search_functionality_ecomProj" name="searchWithExistingName" time="1.238"/>
  <testcase classname="com.ecommerceProject.testCases.TC_Search_functionality_ecomProj" name="searchWithNonExistingName" time="0.823"/>
  <testcase classname="com.ecommerceProject.testCases.TC_Search_functionality_ecomProj" name="searchWithoutName" time="0.662"/>
  <testcase classname="com.ecommerceProject.testCases.TC_Search_functionality_ecomProj" name="searchWithCategory" time="7.036"/>
</testsuite> <!-- Test1 -->
